-------------------------------------------------------------------------------
Test set: com.redhat.Test1
-------------------------------------------------------------------------------
Tests run: 1, Failures: 0, Errors: 1, Skipped: 0, Time elapsed: 10.08 sec <<< FAILURE!
contextLoads(com.redhat.Test1)  Time elapsed: 0.544 sec  <<< ERROR!
org.apache.camel.RuntimeCamelException: org.apache.camel.FailedToStartRouteException: Failed to start route get1 because of Multiple consumers for the same endpoint is not allowed: servlet:/hello/?httpMethodRestrict=GET
	at org.apache.camel.util.ObjectHelper.wrapRuntimeCamelException(ObjectHelper.java:1830)
	at org.apache.camel.spring.SpringCamelContext.start(SpringCamelContext.java:136)
	at org.apache.camel.test.spring.CamelAnnotationsHandler$7.execute(CamelAnnotationsHandler.java:298)
	at org.apache.camel.test.spring.CamelSpringTestHelper.doToSpringCamelContexts(CamelSpringTestHelper.java:102)
	at org.apache.camel.test.spring.CamelAnnotationsHandler.handleCamelContextStartup(CamelAnnotationsHandler.java:293)
	at org.apache.camel.test.spring.CamelSpringBootExecutionListener.beforeTestMethod(CamelSpringBootExecutionListener.java:72)
	at org.springframework.test.context.TestContextManager.beforeTestMethod(TestContextManager.java:269)
	at org.springframework.test.context.junit4.statements.RunBeforeTestMethodCallbacks.evaluate(RunBeforeTestMethodCallbacks.java:74)
	at org.springframework.test.context.junit4.statements.RunAfterTestMethodCallbacks.evaluate(RunAfterTestMethodCallbacks.java:86)
	at org.springframework.test.context.junit4.statements.SpringRepeat.evaluate(SpringRepeat.java:84)
	at org.junit.runners.ParentRunner.runLeaf(ParentRunner.java:325)
	at org.springframework.test.context.junit4.SpringJUnit4ClassRunner.runChild(SpringJUnit4ClassRunner.java:252)
	at org.springframework.test.context.junit4.SpringJUnit4ClassRunner.runChild(SpringJUnit4ClassRunner.java:94)
	at org.junit.runners.ParentRunner$3.run(ParentRunner.java:290)
	at org.junit.runners.ParentRunner$1.schedule(ParentRunner.java:71)
	at org.junit.runners.ParentRunner.runChildren(ParentRunner.java:288)
	at org.junit.runners.ParentRunner.access$000(ParentRunner.java:58)
	at org.junit.runners.ParentRunner$2.evaluate(ParentRunner.java:268)
	at org.springframework.test.context.junit4.statements.RunBeforeTestClassCallbacks.evaluate(RunBeforeTestClassCallbacks.java:61)
	at org.springframework.test.context.junit4.statements.RunAfterTestClassCallbacks.evaluate(RunAfterTestClassCallbacks.java:70)
	at org.junit.runners.ParentRunner.run(ParentRunner.java:363)
	at org.springframework.test.context.junit4.SpringJUnit4ClassRunner.run(SpringJUnit4ClassRunner.java:191)
	at org.apache.maven.surefire.junit4.JUnit4Provider.execute(JUnit4Provider.java:252)
	at org.apache.maven.surefire.junit4.JUnit4Provider.executeTestSet(JUnit4Provider.java:141)
	at org.apache.maven.surefire.junit4.JUnit4Provider.invoke(JUnit4Provider.java:112)
	at java.base/jdk.internal.reflect.NativeMethodAccessorImpl.invoke0(Native Method)
	at java.base/jdk.internal.reflect.NativeMethodAccessorImpl.invoke(NativeMethodAccessorImpl.java:62)
	at java.base/jdk.internal.reflect.DelegatingMethodAccessorImpl.invoke(DelegatingMethodAccessorImpl.java:43)
	at java.base/java.lang.reflect.Method.invoke(Method.java:567)
	at org.apache.maven.surefire.util.ReflectionUtils.invokeMethodWithArray(ReflectionUtils.java:189)
	at org.apache.maven.surefire.booter.ProviderFactory$ProviderProxy.invoke(ProviderFactory.java:165)
	at org.apache.maven.surefire.booter.ProviderFactory.invokeProvider(ProviderFactory.java:85)
	at org.apache.maven.surefire.booter.ForkedBooter.runSuitesInProcess(ForkedBooter.java:115)
	at org.apache.maven.surefire.booter.ForkedBooter.main(ForkedBooter.java:75)
Caused by: org.apache.camel.FailedToStartRouteException: Failed to start route get1 because of Multiple consumers for the same endpoint is not allowed: servlet:/hello/?httpMethodRestrict=GET
	at org.apache.camel.impl.DefaultCamelContext.doStartOrResumeRouteConsumers(DefaultCamelContext.java:3980)
	at org.apache.camel.impl.DefaultCamelContext.doStartRouteConsumers(DefaultCamelContext.java:3956)
	at org.apache.camel.impl.DefaultCamelContext.safelyStartRouteServices(DefaultCamelContext.java:3876)
	at org.apache.camel.impl.DefaultCamelContext.doStartOrResumeRoutes(DefaultCamelContext.java:3640)
	at org.apache.camel.impl.DefaultCamelContext.doStartCamel(DefaultCamelContext.java:3492)
	at org.apache.camel.impl.DefaultCamelContext.access$000(DefaultCamelContext.java:209)
	at org.apache.camel.impl.DefaultCamelContext$2.call(DefaultCamelContext.java:3251)
	at org.apache.camel.impl.DefaultCamelContext$2.call(DefaultCamelContext.java:3247)
	at org.apache.camel.impl.DefaultCamelContext.doWithDefinedClassLoader(DefaultCamelContext.java:3270)
	at org.apache.camel.impl.DefaultCamelContext.doStart(DefaultCamelContext.java:3247)
	at org.apache.camel.support.ServiceSupport.start(ServiceSupport.java:61)
	at org.apache.camel.impl.DefaultCamelContext.start(DefaultCamelContext.java:3163)
	at org.apache.camel.spring.SpringCamelContext.start(SpringCamelContext.java:133)
	... 32 more

