<?xml version="1.0" encoding="UTF-8" ?>
<testsuite tests="1" failures="0" name="com.redhat.Test1" time="0.544" errors="1" skipped="0">
  <properties>
[...]
</properties>
  <testcase classname="com.redhat.Test1" name="contextLoads" time="0.544">
    <error message="org.apache.camel.FailedToStartRouteException: Failed to start route get1 because of Multiple consumers for the same endpoint is not allowed: servlet:/hello/?httpMethodRestrict=GET" type="org.apache.camel.RuntimeCamelException">org.apache.camel.RuntimeCamelException: org.apache.camel.FailedToStartRouteException: Failed to start route get1 because of Multiple consumers for the same endpoint is not allowed: servlet:/hello/?httpMethodRestrict=GET
	at org.apache.camel.util.ObjectHelper.wrapRuntimeCamelException(ObjectHelper.java:1830)
	at org.apache.camel.spring.SpringCamelContext.start(SpringCamelContext.java:136)
	at org.apache.camel.test.spring.CamelAnnotationsHandler$7.execute(CamelAnnotationsHandler.java:298)
	at org.apache.camel.test.spring.CamelSpringTestHelper.doToSpringCamelContexts(CamelSpringTestHelper.java:102)
	at org.apache.camel.test.spring.CamelAnnotationsHandler.handleCamelContextStartup(CamelAnnotationsHandler.java:293)
	at org.apache.camel.test.spring.CamelSpringBootExecutionListener.beforeTestMethod(CamelSpringBootExecutionListener.java:72)
	at org.springframework.test.context.TestContextManager.beforeTestMethod(TestContextManager.java:269)
	at org.springframework.test.context.junit4.statements.RunBeforeTestMethodCallbacks.evaluate(RunBeforeTestMethodCallbacks.java:74)
	at org.springframework.test.context.junit4.statements.RunAfterTestMethodCallbacks.evaluate(RunAfterTestMethodCallbacks.java:86)
	at org.springframework.test.context.junit4.statements.SpringRepeat.evaluate(SpringRepeat.java:84)
	at org.junit.runners.ParentRunner.runLeaf(ParentRunner.java:325)
	at org.springframework.test.context.junit4.SpringJUnit4ClassRunner.runChild(SpringJUnit4ClassRunner.java:252)
	at org.springframework.test.context.junit4.SpringJUnit4ClassRunner.runChild(SpringJUnit4ClassRunner.java:94)
	at org.junit.runners.ParentRunner$3.run(ParentRunner.java:290)
	at org.junit.runners.ParentRunner$1.schedule(ParentRunner.java:71)
	at org.junit.runners.ParentRunner.runChildren(ParentRunner.java:288)
	at org.junit.runners.ParentRunner.access$000(ParentRunner.java:58)
	at org.junit.runners.ParentRunner$2.evaluate(ParentRunner.java:268)
	at org.springframework.test.context.junit4.statements.RunBeforeTestClassCallbacks.evaluate(RunBeforeTestClassCallbacks.java:61)
	at org.springframework.test.context.junit4.statements.RunAfterTestClassCallbacks.evaluate(RunAfterTestClassCallbacks.java:70)
	at org.junit.runners.ParentRunner.run(ParentRunner.java:363)
	at org.springframework.test.context.junit4.SpringJUnit4ClassRunner.run(SpringJUnit4ClassRunner.java:191)
	at org.apache.maven.surefire.junit4.JUnit4Provider.execute(JUnit4Provider.java:252)
	at org.apache.maven.surefire.junit4.JUnit4Provider.executeTestSet(JUnit4Provider.java:141)
	at org.apache.maven.surefire.junit4.JUnit4Provider.invoke(JUnit4Provider.java:112)
	at java.base/jdk.internal.reflect.NativeMethodAccessorImpl.invoke0(Native Method)
	at java.base/jdk.internal.reflect.NativeMethodAccessorImpl.invoke(NativeMethodAccessorImpl.java:62)
	at java.base/jdk.internal.reflect.DelegatingMethodAccessorImpl.invoke(DelegatingMethodAccessorImpl.java:43)
	at java.base/java.lang.reflect.Method.invoke(Method.java:567)
	at org.apache.maven.surefire.util.ReflectionUtils.invokeMethodWithArray(ReflectionUtils.java:189)
	at org.apache.maven.surefire.booter.ProviderFactory$ProviderProxy.invoke(ProviderFactory.java:165)
	at org.apache.maven.surefire.booter.ProviderFactory.invokeProvider(ProviderFactory.java:85)
	at org.apache.maven.surefire.booter.ForkedBooter.runSuitesInProcess(ForkedBooter.java:115)
	at org.apache.maven.surefire.booter.ForkedBooter.main(ForkedBooter.java:75)
Caused by: org.apache.camel.FailedToStartRouteException: Failed to start route get1 because of Multiple consumers for the same endpoint is not allowed: servlet:/hello/?httpMethodRestrict=GET
	at org.apache.camel.impl.DefaultCamelContext.doStartOrResumeRouteConsumers(DefaultCamelContext.java:3980)
	at org.apache.camel.impl.DefaultCamelContext.doStartRouteConsumers(DefaultCamelContext.java:3956)
	at org.apache.camel.impl.DefaultCamelContext.safelyStartRouteServices(DefaultCamelContext.java:3876)
	at org.apache.camel.impl.DefaultCamelContext.doStartOrResumeRoutes(DefaultCamelContext.java:3640)
	at org.apache.camel.impl.DefaultCamelContext.doStartCamel(DefaultCamelContext.java:3492)
	at org.apache.camel.impl.DefaultCamelContext.access$000(DefaultCamelContext.java:209)
	at org.apache.camel.impl.DefaultCamelContext$2.call(DefaultCamelContext.java:3251)
	at org.apache.camel.impl.DefaultCamelContext$2.call(DefaultCamelContext.java:3247)
	at org.apache.camel.impl.DefaultCamelContext.doWithDefinedClassLoader(DefaultCamelContext.java:3270)
	at org.apache.camel.impl.DefaultCamelContext.doStart(DefaultCamelContext.java:3247)
	at org.apache.camel.support.ServiceSupport.start(ServiceSupport.java:61)
	at org.apache.camel.impl.DefaultCamelContext.start(DefaultCamelContext.java:3163)
	at org.apache.camel.spring.SpringCamelContext.start(SpringCamelContext.java:133)
	... 32 more
</error>
    <system-out>16:10:57.000 [main] INFO  o.s.b.t.c.SpringBootTestContextBootstrapper - Neither @ContextConfiguration nor @ContextHierarchy found for test class [com.redhat.Test1], using SpringBootContextLoader
16:10:57.008 [main] INFO  o.s.t.c.s.AbstractContextLoader - Could not detect default resource locations for test class [com.redhat.Test1]: no resource found for suffixes {-context.xml, Context.groovy}.
16:10:57.139 [main] INFO  o.s.b.t.c.SpringBootTestContextBootstrapper - Loaded default TestExecutionListener class names from location [META-INF/spring.factories]: [org.springframework.boot.test.mock.mockito.MockitoTestExecutionListener, org.springframework.boot.test.mock.mockito.ResetMocksTestExecutionListener, org.springframework.boot.test.autoconfigure.restdocs.RestDocsTestExecutionListener, org.springframework.boot.test.autoconfigure.web.client.MockRestServiceServerResetTestExecutionListener, org.springframework.boot.test.autoconfigure.web.servlet.MockMvcPrintOnlyOnFailureTestExecutionListener, org.springframework.boot.test.autoconfigure.web.servlet.WebDriverTestExecutionListener, org.springframework.test.context.web.ServletTestExecutionListener, org.springframework.test.context.support.DirtiesContextBeforeModesTestExecutionListener, org.springframework.test.context.support.DependencyInjectionTestExecutionListener, org.springframework.test.context.support.DirtiesContextTestExecutionListener, org.springframework.test.context.transaction.TransactionalTestExecutionListener, org.springframework.test.context.jdbc.SqlScriptsTestExecutionListener]
16:10:57.179 [main] INFO  o.s.b.t.c.SpringBootTestContextBootstrapper - Using TestExecutionListeners: [org.springframework.test.context.web.ServletTestExecutionListener@5f9b2141, org.springframework.test.context.support.DirtiesContextBeforeModesTestExecutionListener@247d8ae, org.springframework.boot.test.mock.mockito.MockitoTestExecutionListener@48974e45, org.springframework.boot.test.autoconfigure.SpringBootDependencyInjectionTestExecutionListener@6a84a97d, org.springframework.test.context.support.DirtiesContextTestExecutionListener@6c130c45, org.springframework.test.context.transaction.TransactionalTestExecutionListener@50ad3bc1, org.springframework.test.context.jdbc.SqlScriptsTestExecutionListener@223aa2f7, org.springframework.boot.test.mock.mockito.ResetMocksTestExecutionListener@6d3a388c, org.springframework.boot.test.autoconfigure.restdocs.RestDocsTestExecutionListener@193f604a, org.springframework.boot.test.autoconfigure.web.client.MockRestServiceServerResetTestExecutionListener@20f5239f, org.springframework.boot.test.autoconfigure.web.servlet.MockMvcPrintOnlyOnFailureTestExecutionListener@57af006c, org.springframework.boot.test.autoconfigure.web.servlet.WebDriverTestExecutionListener@6bedbc4d]
16:10:57.195 [main] INFO  o.a.c.t.s.CamelSpringBootExecutionListener - @RunWith(CamelSpringBootRunner.class) preparing: class com.redhat.Test1

  .   ____          _            __ _ _
 /\\ / ___&apos;_ __ _ _(_)_ __  __ _ \ \ \ \
( ( )\___ | &apos;_ | &apos;_| | &apos;_ \/ _` | \ \ \ \
 \\/  ___)| |_)| | | | | || (_| |  ) ) ) )
  &apos;  |____| .__|_| |_|_| |_\__, | / / / /
 =========|_|==============|___/=/_/_/_/
 :: Spring Boot ::       (v1.5.22.RELEASE)

16:10:57.844 [main] INFO  com.redhat.Test1 - Starting Test1 on T206867 with PID 5504 (started by NDIGRAZIA in D:\OneDrive\Telefonica\OneDrive - Telefonica\Telefonica workspaces\location-soap2rest)
16:10:57.845 [main] INFO  com.redhat.Test1 - No active profile set, falling back to default profiles: default
16:10:57.923 [main] INFO  o.s.b.c.e.AnnotationConfigEmbeddedWebApplicationContext - Refreshing org.springframework.boot.context.embedded.AnnotationConfigEmbeddedWebApplicationContext@22875539: startup date [Wed Jan 13 16:10:57 GMT-03:00 2021]; root of context hierarchy
16:10:58.049 [background-preinit] INFO  o.h.validator.internal.util.Version - HV000001: Hibernate Validator 5.3.5.Final-redhat-2
16:11:00.402 [main] INFO  o.s.c.s.PostProcessorRegistrationDelegate$BeanPostProcessorChecker - Bean &apos;org.apache.camel.spring.boot.CamelAutoConfiguration&apos; of type [org.apache.camel.spring.boot.CamelAutoConfiguration$$EnhancerBySpringCGLIB$$127485fc] is not eligible for getting processed by all BeanPostProcessors (for example: not eligible for auto-proxying)
16:11:01.463 [main] WARN  io.undertow.websockets.jsr - UT026010: Buffer pool was not set on WebSocketDeploymentInfo, the default pool will be used
16:11:01.500 [main] INFO  io.undertow.servlet - Initializing Spring embedded WebApplicationContext
16:11:01.501 [main] INFO  o.s.web.context.ContextLoader - Root WebApplicationContext: initialization completed in 3600 ms
16:11:01.766 [main] INFO  o.s.b.w.s.ServletRegistrationBean - Mapping servlet: &apos;dispatcherServlet&apos; to [/]
16:11:01.774 [main] INFO  o.s.b.w.s.FilterRegistrationBean - Mapping filter: &apos;metricsFilter&apos; to: [/*]
16:11:01.775 [main] INFO  o.s.b.w.s.FilterRegistrationBean - Mapping filter: &apos;characterEncodingFilter&apos; to: [/*]
16:11:01.776 [main] INFO  o.s.b.w.s.FilterRegistrationBean - Mapping filter: &apos;hiddenHttpMethodFilter&apos; to: [/*]
16:11:01.776 [main] INFO  o.s.b.w.s.FilterRegistrationBean - Mapping filter: &apos;httpPutFormContentFilter&apos; to: [/*]
16:11:01.776 [main] INFO  o.s.b.w.s.FilterRegistrationBean - Mapping filter: &apos;requestContextFilter&apos; to: [/*]
16:11:01.776 [main] INFO  o.s.b.w.s.FilterRegistrationBean - Mapping filter: &apos;webRequestLoggingFilter&apos; to: [/*]
16:11:01.776 [main] INFO  o.s.b.w.s.FilterRegistrationBean - Mapping filter: &apos;applicationContextIdFilter&apos; to: [/*]
16:11:02.328 [main] INFO  o.s.w.s.m.m.a.RequestMappingHandlerAdapter - Looking for @ControllerAdvice: org.springframework.boot.context.embedded.AnnotationConfigEmbeddedWebApplicationContext@22875539: startup date [Wed Jan 13 16:10:57 GMT-03:00 2021]; root of context hierarchy
16:11:02.446 [main] INFO  o.s.w.s.m.m.a.RequestMappingHandlerMapping - Mapped &quot;{[/error]}&quot; onto public org.springframework.http.ResponseEntity&lt;java.util.Map&lt;java.lang.String, java.lang.Object&gt;&gt; org.springframework.boot.autoconfigure.web.BasicErrorController.error(javax.servlet.http.HttpServletRequest)
16:11:02.448 [main] INFO  o.s.w.s.m.m.a.RequestMappingHandlerMapping - Mapped &quot;{[/error],produces=[text/html]}&quot; onto public org.springframework.web.servlet.ModelAndView org.springframework.boot.autoconfigure.web.BasicErrorController.errorHtml(javax.servlet.http.HttpServletRequest,javax.servlet.http.HttpServletResponse)
16:11:02.507 [main] INFO  o.s.w.s.h.SimpleUrlHandlerMapping - Mapped URL path [/webjars/**] onto handler of type [class org.springframework.web.servlet.resource.ResourceHttpRequestHandler]
16:11:02.508 [main] INFO  o.s.w.s.h.SimpleUrlHandlerMapping - Mapped URL path [/**] onto handler of type [class org.springframework.web.servlet.resource.ResourceHttpRequestHandler]
16:11:02.583 [main] INFO  o.s.w.s.h.SimpleUrlHandlerMapping - Mapped URL path [/**/favicon.ico] onto handler of type [class org.springframework.web.servlet.resource.ResourceHttpRequestHandler]
16:11:03.149 [main] INFO  o.a.c.i.c.DefaultTypeConverter - Type converters loaded (core: 194, classpath: 10)
16:11:04.381 [main] INFO  o.s.b.c.e.AnnotationConfigEmbeddedWebApplicationContext - Refreshing org.springframework.boot.context.embedded.AnnotationConfigEmbeddedWebApplicationContext@6b94c200: startup date [Wed Jan 13 16:11:04 GMT-03:00 2021]; parent: org.springframework.boot.context.embedded.AnnotationConfigEmbeddedWebApplicationContext@22875539
16:11:04.444 [main] INFO  o.s.b.f.s.DefaultListableBeanFactory - Overriding bean definition for bean &apos;handlerExceptionResolver&apos; with a different definition: replacing [Root bean: class [null]; scope=; abstract=false; lazyInit=false; autowireMode=3; dependencyCheck=0; autowireCandidate=true; primary=false; factoryBeanName=org.springframework.web.servlet.config.annotation.DelegatingWebMvcConfiguration; factoryMethodName=handlerExceptionResolver; initMethodName=null; destroyMethodName=(inferred); defined in org.springframework.web.servlet.config.annotation.DelegatingWebMvcConfiguration] with [Root bean: class [null]; scope=; abstract=false; lazyInit=false; autowireMode=3; dependencyCheck=0; autowireCandidate=true; primary=false; factoryBeanName=endpointWebMvcChildContextConfiguration; factoryMethodName=compositeHandlerExceptionResolver; initMethodName=null; destroyMethodName=(inferred); defined in org.springframework.boot.actuate.autoconfigure.EndpointWebMvcChildContextConfiguration]
16:11:04.535 [main] INFO  io.undertow.servlet - Initializing Spring embedded WebApplicationContext
16:11:04.536 [main] INFO  o.s.web.context.ContextLoader - Root WebApplicationContext: initialization completed in 155 ms
16:11:04.538 [main] INFO  o.s.b.w.s.ServletRegistrationBean - Mapping servlet: &apos;dispatcherServlet&apos; to [/]
16:11:04.639 [main] INFO  o.s.b.a.e.mvc.EndpointHandlerMapping - Mapped &quot;{[/health || /health.json],methods=[GET],produces=[application/vnd.spring-boot.actuator.v1+json || application/json]}&quot; onto public java.lang.Object org.springframework.boot.actuate.endpoint.mvc.HealthMvcEndpoint.invoke(javax.servlet.http.HttpServletRequest,java.security.Principal)
16:11:04.660 [main] INFO  o.s.w.s.m.m.a.RequestMappingHandlerMapping - Mapped &quot;{[/error]}&quot; onto public java.util.Map&lt;java.lang.String, java.lang.Object&gt; org.springframework.boot.actuate.endpoint.mvc.ManagementErrorEndpoint.invoke()
16:11:04.670 [main] INFO  o.s.w.s.h.SimpleUrlHandlerMapping - Mapped URL path [/webjars/**] onto handler of type [class org.springframework.web.servlet.resource.ResourceHttpRequestHandler]
16:11:04.670 [main] INFO  o.s.w.s.h.SimpleUrlHandlerMapping - Mapped URL path [/**] onto handler of type [class org.springframework.web.servlet.resource.ResourceHttpRequestHandler]
16:11:04.692 [main] INFO  o.s.w.s.m.m.a.RequestMappingHandlerAdapter - Looking for @ControllerAdvice: org.springframework.boot.context.embedded.AnnotationConfigEmbeddedWebApplicationContext@6b94c200: startup date [Wed Jan 13 16:11:04 GMT-03:00 2021]; parent: org.springframework.boot.context.embedded.AnnotationConfigEmbeddedWebApplicationContext@22875539
16:11:04.869 [main] INFO  o.a.c.spring.boot.RoutesCollector - Loading additional Camel XML routes from: classpath:camel/*.xml
16:11:04.869 [main] INFO  o.a.c.spring.boot.RoutesCollector - Loading additional Camel XML rests from: classpath:camel-rest/*.xml
16:11:04.873 [main] INFO  io.undertow - starting server: Undertow - 2.0.30.SP1-redhat-00001
16:11:04.888 [main] INFO  org.xnio - XNIO version 3.3.8.Final
16:11:04.914 [main] INFO  org.xnio.nio - XNIO NIO Implementation Version 3.3.8.Final
16:11:05.667 [main] INFO  o.s.b.c.e.u.UndertowEmbeddedServletContainer - Undertow started on port(s) 8081 (http)
16:11:05.678 [main] INFO  o.a.c.spring.boot.RoutesCollector - Loading additional Camel XML routes from: classpath:camel/*.xml
16:11:05.678 [main] INFO  o.a.c.spring.boot.RoutesCollector - Loading additional Camel XML rests from: classpath:camel-rest/*.xml
16:11:05.694 [main] INFO  io.undertow - starting server: Undertow - 2.0.30.SP1-redhat-00001
16:11:05.711 [main] INFO  o.s.b.c.e.u.UndertowEmbeddedServletContainer - Undertow started on port(s) 8080 (http)
16:11:05.721 [main] INFO  com.redhat.Test1 - Started Test1 in 8.355 seconds (JVM running for 9.88)
16:11:05.732 [main] INFO  o.a.c.t.s.CamelAnnotationsHandler - Setting shutdown timeout to [10 SECONDS] on CamelContext with name [camelContext].
16:11:05.765 [main] INFO  o.a.c.t.s.CamelSpringBootExecutionListener - @RunWith(CamelSpringBootRunner.class) before: class com.redhat.Test1.contextLoads
16:11:05.766 [main] INFO  o.a.c.t.s.CamelSpringBootExecutionListener - Initialized CamelSpringBootRunner now ready to start CamelContext
16:11:05.768 [main] INFO  o.a.c.t.s.CamelAnnotationsHandler - Starting CamelContext with name [camelContext].
16:11:05.770 [main] INFO  o.a.camel.spring.SpringCamelContext - Apache Camel 2.21.0.fuse-770013-redhat-00001 (CamelContext: MyCamel) is starting
16:11:05.772 [main] INFO  o.a.c.m.ManagedManagementStrategy - JMX is enabled
16:11:06.074 [main] INFO  o.a.camel.spring.SpringCamelContext - StreamCaching is not in use. If using streams then its recommended to enable stream caching. See more details at http://camel.apache.org/stream-caching.html
16:11:06.201 [main] INFO  o.a.camel.spring.SpringCamelContext - Route: direct-route started and consuming from: direct://remoteService
16:11:06.203 [main] INFO  o.a.camel.spring.SpringCamelContext - Route: route1 started and consuming from: servlet:/hello/?httpMethodRestrict=GET
16:11:06.204 [main] INFO  o.a.camel.spring.SpringCamelContext - Apache Camel 2.21.0.fuse-770013-redhat-00001 (CamelContext: MyCamel) is shutting down
16:11:06.204 [main] INFO  o.a.c.impl.DefaultShutdownStrategy - Starting to graceful shutdown 2 routes (timeout 10 seconds)
16:11:06.212 [Camel (MyCamel) thread #1 - ShutdownTask] INFO  o.a.c.impl.DefaultShutdownStrategy - Route: route1 shutdown complete, was consuming from: servlet:/hello/?httpMethodRestrict=GET
16:11:06.212 [Camel (MyCamel) thread #1 - ShutdownTask] INFO  o.a.c.impl.DefaultShutdownStrategy - Route: direct-route shutdown complete, was consuming from: direct://remoteService
16:11:06.213 [main] INFO  o.a.c.impl.DefaultShutdownStrategy - Graceful shutdown of 2 routes completed in 0 seconds
16:11:06.223 [main] INFO  o.a.camel.spring.SpringCamelContext - Apache Camel 2.21.0.fuse-770013-redhat-00001 (CamelContext: MyCamel) uptime 0.454 seconds
16:11:06.223 [main] INFO  o.a.camel.spring.SpringCamelContext - Apache Camel 2.21.0.fuse-770013-redhat-00001 (CamelContext: MyCamel) is shutdown in 0.019 seconds
16:11:06.226 [main] WARN  o.s.test.context.TestContextManager - Caught exception while allowing TestExecutionListener [org.apache.camel.test.spring.CamelSpringBootExecutionListener@20608ef4] to process &apos;before&apos; execution of test method [public void com.redhat.Test1.contextLoads()] for test instance [com.redhat.Test1@30a1b2ad]
org.apache.camel.RuntimeCamelException: org.apache.camel.FailedToStartRouteException: Failed to start route get1 because of Multiple consumers for the same endpoint is not allowed: servlet:/hello/?httpMethodRestrict=GET
	at org.apache.camel.util.ObjectHelper.wrapRuntimeCamelException(ObjectHelper.java:1830)
	at org.apache.camel.spring.SpringCamelContext.start(SpringCamelContext.java:136)
	at org.apache.camel.test.spring.CamelAnnotationsHandler$7.execute(CamelAnnotationsHandler.java:298)
	at org.apache.camel.test.spring.CamelSpringTestHelper.doToSpringCamelContexts(CamelSpringTestHelper.java:102)
	at org.apache.camel.test.spring.CamelAnnotationsHandler.handleCamelContextStartup(CamelAnnotationsHandler.java:293)
	at org.apache.camel.test.spring.CamelSpringBootExecutionListener.beforeTestMethod(CamelSpringBootExecutionListener.java:72)
	at org.springframework.test.context.TestContextManager.beforeTestMethod(TestContextManager.java:269)
	at org.springframework.test.context.junit4.statements.RunBeforeTestMethodCallbacks.evaluate(RunBeforeTestMethodCallbacks.java:74)
	at org.springframework.test.context.junit4.statements.RunAfterTestMethodCallbacks.evaluate(RunAfterTestMethodCallbacks.java:86)
	at org.springframework.test.context.junit4.statements.SpringRepeat.evaluate(SpringRepeat.java:84)
	at org.junit.runners.ParentRunner.runLeaf(ParentRunner.java:325)
	at org.springframework.test.context.junit4.SpringJUnit4ClassRunner.runChild(SpringJUnit4ClassRunner.java:252)
	at org.springframework.test.context.junit4.SpringJUnit4ClassRunner.runChild(SpringJUnit4ClassRunner.java:94)
	at org.junit.runners.ParentRunner$3.run(ParentRunner.java:290)
	at org.junit.runners.ParentRunner$1.schedule(ParentRunner.java:71)
	at org.junit.runners.ParentRunner.runChildren(ParentRunner.java:288)
	at org.junit.runners.ParentRunner.access$000(ParentRunner.java:58)
	at org.junit.runners.ParentRunner$2.evaluate(ParentRunner.java:268)
	at org.springframework.test.context.junit4.statements.RunBeforeTestClassCallbacks.evaluate(RunBeforeTestClassCallbacks.java:61)
	at org.springframework.test.context.junit4.statements.RunAfterTestClassCallbacks.evaluate(RunAfterTestClassCallbacks.java:70)
	at org.junit.runners.ParentRunner.run(ParentRunner.java:363)
	at org.springframework.test.context.junit4.SpringJUnit4ClassRunner.run(SpringJUnit4ClassRunner.java:191)
	at org.apache.maven.surefire.junit4.JUnit4Provider.execute(JUnit4Provider.java:252)
	at org.apache.maven.surefire.junit4.JUnit4Provider.executeTestSet(JUnit4Provider.java:141)
	at org.apache.maven.surefire.junit4.JUnit4Provider.invoke(JUnit4Provider.java:112)
	at java.base/jdk.internal.reflect.NativeMethodAccessorImpl.invoke0(Native Method)
	at java.base/jdk.internal.reflect.NativeMethodAccessorImpl.invoke(NativeMethodAccessorImpl.java:62)
	at java.base/jdk.internal.reflect.DelegatingMethodAccessorImpl.invoke(DelegatingMethodAccessorImpl.java:43)
	at java.base/java.lang.reflect.Method.invoke(Method.java:567)
	at org.apache.maven.surefire.util.ReflectionUtils.invokeMethodWithArray(ReflectionUtils.java:189)
	at org.apache.maven.surefire.booter.ProviderFactory$ProviderProxy.invoke(ProviderFactory.java:165)
	at org.apache.maven.surefire.booter.ProviderFactory.invokeProvider(ProviderFactory.java:85)
	at org.apache.maven.surefire.booter.ForkedBooter.runSuitesInProcess(ForkedBooter.java:115)
	at org.apache.maven.surefire.booter.ForkedBooter.main(ForkedBooter.java:75)
Caused by: org.apache.camel.FailedToStartRouteException: Failed to start route get1 because of Multiple consumers for the same endpoint is not allowed: servlet:/hello/?httpMethodRestrict=GET
	at org.apache.camel.impl.DefaultCamelContext.doStartOrResumeRouteConsumers(DefaultCamelContext.java:3980)
	at org.apache.camel.impl.DefaultCamelContext.doStartRouteConsumers(DefaultCamelContext.java:3956)
	at org.apache.camel.impl.DefaultCamelContext.safelyStartRouteServices(DefaultCamelContext.java:3876)
	at org.apache.camel.impl.DefaultCamelContext.doStartOrResumeRoutes(DefaultCamelContext.java:3640)
	at org.apache.camel.impl.DefaultCamelContext.doStartCamel(DefaultCamelContext.java:3492)
	at org.apache.camel.impl.DefaultCamelContext.access$000(DefaultCamelContext.java:209)
	at org.apache.camel.impl.DefaultCamelContext$2.call(DefaultCamelContext.java:3251)
	at org.apache.camel.impl.DefaultCamelContext$2.call(DefaultCamelContext.java:3247)
	at org.apache.camel.impl.DefaultCamelContext.doWithDefinedClassLoader(DefaultCamelContext.java:3270)
	at org.apache.camel.impl.DefaultCamelContext.doStart(DefaultCamelContext.java:3247)
	at org.apache.camel.support.ServiceSupport.start(ServiceSupport.java:61)
	at org.apache.camel.impl.DefaultCamelContext.start(DefaultCamelContext.java:3163)
	at org.apache.camel.spring.SpringCamelContext.start(SpringCamelContext.java:133)
	... 32 common frames omitted
</system-out>
  </testcase>
</testsuite>